\BOOKMARK [1][-]{section.1}{Introduction}{}% 1
\BOOKMARK [1][-]{section.2}{Solar Photovoltaic System }{}% 2
\BOOKMARK [2][-]{subsection.2.1}{Design and Simulation of Solar PV systems}{section.2}% 3
\BOOKMARK [2][-]{subsection.2.2}{Component models for a stand-alone PV system }{section.2}% 4
\BOOKMARK [2][-]{subsection.2.3}{PV generator model}{section.2}% 5
\BOOKMARK [2][-]{subsection.2.4}{The Battery Storage Model }{section.2}% 6
\BOOKMARK [2][-]{subsection.2.5}{Charge Controller Model}{section.2}% 7
\BOOKMARK [2][-]{subsection.2.6}{The inverter model}{section.2}% 8
\BOOKMARK [2][-]{subsection.2.7}{Availability of Stand-alone PV Systems}{section.2}% 9
\BOOKMARK [1][-]{section.3}{Automated Verification Using Model Checking}{}% 10
\BOOKMARK [2][-]{subsection.3.1}{CBMC}{section.3}% 11
\BOOKMARK [2][-]{subsection.3.2}{ESBMC}{section.3}% 12
\BOOKMARK [2][-]{subsection.3.3}{CPAchecker}{section.3}% 13
\BOOKMARK [1][-]{section.4}{Stand-alone PV System Sizing and Verification}{}% 14
\BOOKMARK [1][-]{section.5}{Proposed Automated Verification Method of PV Systems}{}% 15
\BOOKMARK [1][-]{section.6}{Experimental Evaluation}{}% 16
\BOOKMARK [2][-]{subsection.6.1}{Description of the Case Studies}{section.6}% 17
\BOOKMARK [2][-]{subsection.6.2}{Objectives and Setup}{section.6}% 18
\BOOKMARK [2][-]{subsection.6.3}{Results and Discussion}{section.6}% 19
\BOOKMARK [2][-]{subsection.6.4}{Threats to Validity}{section.6}% 20
\BOOKMARK [1][-]{section.7}{Conclusions and Future Work}{}% 21
