This is pdfTeX, Version 3.14159265-2.6-1.40.17 (TeX Live 2016) (preloaded format=pdflatex 2017.2.14)  7 AUG 2018 13:37
entering extended mode
 restricted \write18 enabled.
 file:line:error style messages enabled.
 %&-line parsing enabled.
**Trindade_IEEE_journal_r0.tex
(./Trindade_IEEE_journal_r0.tex
LaTeX2e <2016/03/31>
Babel <3.9r> and hyphenation patterns for 83 language(s) loaded.
(./IEEEtran.cls
Document Class: IEEEtran 2015/08/26 V1.8b by Michael Shell
-- See the "IEEEtran_HOWTO" manual for usage information.
-- http://www.michaelshell.org/tex/ieeetran/
\@IEEEtrantmpdimenA=\dimen102
\@IEEEtrantmpdimenB=\dimen103
\@IEEEtrantmpdimenC=\dimen104
\@IEEEtrantmpcountA=\count79
\@IEEEtrantmpcountB=\count80
\@IEEEtrantmpcountC=\count81
\@IEEEtrantmptoksA=\toks14
LaTeX Font Info:    Try loading font information for OT1+ptm on input line 503.

(/usr/local/texlive/2016/texmf-dist/tex/latex/psnfss/ot1ptm.fd
File: ot1ptm.fd 2001/06/04 font definitions for OT1/ptm.
)
-- Using 8.5in x 11in (letter) paper.
-- Using PDF output.
\@IEEEnormalsizeunitybaselineskip=\dimen105
-- This is a 10 point document.
\CLASSINFOnormalsizebaselineskip=\dimen106
\CLASSINFOnormalsizeunitybaselineskip=\dimen107
\IEEEnormaljot=\dimen108
LaTeX Font Info:    Font shape `OT1/ptm/bx/n' in size <5> not available
(Font)              Font shape `OT1/ptm/b/n' tried instead on input line 1090.
LaTeX Font Info:    Font shape `OT1/ptm/bx/it' in size <5> not available
(Font)              Font shape `OT1/ptm/b/it' tried instead on input line 1090.

LaTeX Font Info:    Font shape `OT1/ptm/bx/n' in size <7> not available
(Font)              Font shape `OT1/ptm/b/n' tried instead on input line 1090.
LaTeX Font Info:    Font shape `OT1/ptm/bx/it' in size <7> not available
(Font)              Font shape `OT1/ptm/b/it' tried instead on input line 1090.

LaTeX Font Info:    Font shape `OT1/ptm/bx/n' in size <8> not available
(Font)              Font shape `OT1/ptm/b/n' tried instead on input line 1090.
LaTeX Font Info:    Font shape `OT1/ptm/bx/it' in size <8> not available
(Font)              Font shape `OT1/ptm/b/it' tried instead on input line 1090.

LaTeX Font Info:    Font shape `OT1/ptm/bx/n' in size <9> not available
(Font)              Font shape `OT1/ptm/b/n' tried instead on input line 1090.
LaTeX Font Info:    Font shape `OT1/ptm/bx/it' in size <9> not available
(Font)              Font shape `OT1/ptm/b/it' tried instead on input line 1090.

LaTeX Font Info:    Font shape `OT1/ptm/bx/n' in size <10> not available
(Font)              Font shape `OT1/ptm/b/n' tried instead on input line 1090.
LaTeX Font Info:    Font shape `OT1/ptm/bx/it' in size <10> not available
(Font)              Font shape `OT1/ptm/b/it' tried instead on input line 1090.

LaTeX Font Info:    Font shape `OT1/ptm/bx/n' in size <11> not available
(Font)              Font shape `OT1/ptm/b/n' tried instead on input line 1090.
LaTeX Font Info:    Font shape `OT1/ptm/bx/it' in size <11> not available
(Font)              Font shape `OT1/ptm/b/it' tried instead on input line 1090.

LaTeX Font Info:    Font shape `OT1/ptm/bx/n' in size <12> not available
(Font)              Font shape `OT1/ptm/b/n' tried instead on input line 1090.
LaTeX Font Info:    Font shape `OT1/ptm/bx/it' in size <12> not available
(Font)              Font shape `OT1/ptm/b/it' tried instead on input line 1090.

LaTeX Font Info:    Font shape `OT1/ptm/bx/n' in size <17> not available
(Font)              Font shape `OT1/ptm/b/n' tried instead on input line 1090.
LaTeX Font Info:    Font shape `OT1/ptm/bx/it' in size <17> not available
(Font)              Font shape `OT1/ptm/b/it' tried instead on input line 1090.

LaTeX Font Info:    Font shape `OT1/ptm/bx/n' in size <20> not available
(Font)              Font shape `OT1/ptm/b/n' tried instead on input line 1090.
LaTeX Font Info:    Font shape `OT1/ptm/bx/it' in size <20> not available
(Font)              Font shape `OT1/ptm/b/it' tried instead on input line 1090.

LaTeX Font Info:    Font shape `OT1/ptm/bx/n' in size <24> not available
(Font)              Font shape `OT1/ptm/b/n' tried instead on input line 1090.
LaTeX Font Info:    Font shape `OT1/ptm/bx/it' in size <24> not available
(Font)              Font shape `OT1/ptm/b/it' tried instead on input line 1090.

\IEEEquantizedlength=\dimen109
\IEEEquantizedlengthdiff=\dimen110
\IEEEquantizedtextheightdiff=\dimen111
\IEEEilabelindentA=\dimen112
\IEEEilabelindentB=\dimen113
\IEEEilabelindent=\dimen114
\IEEEelabelindent=\dimen115
\IEEEdlabelindent=\dimen116
\IEEElabelindent=\dimen117
\IEEEiednormlabelsep=\dimen118
\IEEEiedmathlabelsep=\dimen119
\IEEEiedtopsep=\skip41
\c@section=\count82
\c@subsection=\count83
\c@subsubsection=\count84
\c@paragraph=\count85
\c@IEEEsubequation=\count86
\abovecaptionskip=\skip42
\belowcaptionskip=\skip43
\c@figure=\count87
\c@table=\count88
\@IEEEeqnnumcols=\count89
\@IEEEeqncolcnt=\count90
\@IEEEsubeqnnumrollback=\count91
\@IEEEquantizeheightA=\dimen120
\@IEEEquantizeheightB=\dimen121
\@IEEEquantizeheightC=\dimen122
\@IEEEquantizeprevdepth=\dimen123
\@IEEEquantizemultiple=\count92
\@IEEEquantizeboxA=\box26
\@IEEEtmpitemindent=\dimen124
\IEEEPARstartletwidth=\dimen125
\c@IEEEbiography=\count93
\@IEEEtranrubishbin=\box27
) (/usr/local/texlive/2016/texmf-dist/tex/latex/cite/cite.sty
LaTeX Info: Redefining \cite on input line 302.
LaTeX Info: Redefining \nocite on input line 332.
Package: cite 2015/02/27  v 5.5
)
(/usr/local/texlive/2016/texmf-dist/tex/latex/graphics/graphicx.sty
Package: graphicx 2014/10/28 v1.0g Enhanced LaTeX Graphics (DPC,SPQR)

(/usr/local/texlive/2016/texmf-dist/tex/latex/graphics/keyval.sty
Package: keyval 2014/10/28 v1.15 key=value parser (DPC)
\KV@toks@=\toks15
)
(/usr/local/texlive/2016/texmf-dist/tex/latex/graphics/graphics.sty
Package: graphics 2016/05/09 v1.0r Standard LaTeX Graphics (DPC,SPQR)

(/usr/local/texlive/2016/texmf-dist/tex/latex/graphics/trig.sty
Package: trig 2016/01/03 v1.10 sin cos tan (DPC)
)
(/usr/local/texlive/2016/texmf-dist/tex/latex/graphics-cfg/graphics.cfg
File: graphics.cfg 2016/01/02 v1.10 sample graphics configuration
)
Package graphics Info: Driver file: pdftex.def on input line 96.

(/usr/local/texlive/2016/texmf-dist/tex/latex/pdftex-def/pdftex.def
File: pdftex.def 2011/05/27 v0.06d Graphics/color for pdfTeX

(/usr/local/texlive/2016/texmf-dist/tex/generic/oberdiek/infwarerr.sty
Package: infwarerr 2016/05/16 v1.4 Providing info/warning/error messages (HO)
)
(/usr/local/texlive/2016/texmf-dist/tex/generic/oberdiek/ltxcmds.sty
Package: ltxcmds 2016/05/16 v1.23 LaTeX kernel commands for general use (HO)
)
\Gread@gobject=\count94
))
\Gin@req@height=\dimen126
\Gin@req@width=\dimen127
)
(/usr/local/texlive/2016/texmf-dist/tex/latex/amsmath/amsmath.sty
Package: amsmath 2016/03/10 v2.15b AMS math features
\@mathmargin=\skip44

For additional information on amsmath, use the `?' option.
(/usr/local/texlive/2016/texmf-dist/tex/latex/amsmath/amstext.sty
Package: amstext 2000/06/29 v2.01 AMS text

(/usr/local/texlive/2016/texmf-dist/tex/latex/amsmath/amsgen.sty
File: amsgen.sty 1999/11/30 v2.0 generic functions
\@emptytoks=\toks16
\ex@=\dimen128
))
(/usr/local/texlive/2016/texmf-dist/tex/latex/amsmath/amsbsy.sty
Package: amsbsy 1999/11/29 v1.2d Bold Symbols
\pmbraise@=\dimen129
)
(/usr/local/texlive/2016/texmf-dist/tex/latex/amsmath/amsopn.sty
Package: amsopn 2016/03/08 v2.02 operator names
)
\inf@bad=\count95
LaTeX Info: Redefining \frac on input line 199.
\uproot@=\count96
\leftroot@=\count97
LaTeX Info: Redefining \overline on input line 297.
\classnum@=\count98
\DOTSCASE@=\count99
LaTeX Info: Redefining \ldots on input line 394.
LaTeX Info: Redefining \dots on input line 397.
LaTeX Info: Redefining \cdots on input line 518.
\Mathstrutbox@=\box28
\strutbox@=\box29
\big@size=\dimen130
LaTeX Font Info:    Redeclaring font encoding OML on input line 634.
LaTeX Font Info:    Redeclaring font encoding OMS on input line 635.
\macc@depth=\count100
\c@MaxMatrixCols=\count101
\dotsspace@=\muskip10
\c@parentequation=\count102
\dspbrk@lvl=\count103
\tag@help=\toks17
\row@=\count104
\column@=\count105
\maxfields@=\count106
\andhelp@=\toks18
\eqnshift@=\dimen131
\alignsep@=\dimen132
\tagshift@=\dimen133
\tagwidth@=\dimen134
\totwidth@=\dimen135
\lineht@=\dimen136
\@envbody=\toks19
\multlinegap=\skip45
\multlinetaggap=\skip46
\mathdisplay@stack=\toks20
LaTeX Info: Redefining \[ on input line 2739.
LaTeX Info: Redefining \] on input line 2740.
)
(/usr/local/texlive/2016/texmf-dist/tex/latex/algorithms/algorithm.sty
Package: algorithm 2009/08/24 v0.1 Document Style `algorithm' - floating enviro
nment

(/usr/local/texlive/2016/texmf-dist/tex/latex/float/float.sty
Package: float 2001/11/08 v1.3d Float enhancements (AL)
\c@float@type=\count107
\float@exts=\toks21
\float@box=\box30
\@float@everytoks=\toks22
\@floatcapt=\box31
)
(/usr/local/texlive/2016/texmf-dist/tex/latex/base/ifthen.sty
Package: ifthen 2014/09/29 v1.1c Standard LaTeX ifthen package (DPC)
)
\@float@every@algorithm=\toks23
\c@algorithm=\count108
)
(/usr/local/texlive/2016/texmf-dist/tex/latex/algorithms/algorithmic.sty
Package: algorithmic 2009/08/24 v0.1 Document Style `algorithmic'
\c@ALC@unique=\count109
\c@ALC@line=\count110
\c@ALC@rem=\count111
\c@ALC@depth=\count112
\ALC@tlm=\skip47
\algorithmicindent=\skip48
)
(/usr/local/texlive/2016/texmf-dist/tex/latex/tools/array.sty
Package: array 2014/10/28 v2.4c Tabular extension package (FMi)
\col@sep=\dimen137
\extrarowheight=\dimen138
\NC@list=\toks24
\extratabsurround=\skip49
\backup@length=\skip50
)
(/usr/local/texlive/2016/texmf-dist/tex/latex/subfig/subfig.sty
Package: subfig 2005/06/28 ver: 1.3 subfig package

(/usr/local/texlive/2016/texmf-dist/tex/latex/caption/caption3.sty
Package: caption3 2016/02/04 v1.7-139 caption3 kernel (AR)
Package caption3 Info: TeX engine: e-TeX on input line 67.
\captionmargin=\dimen139
\captionmargin@=\dimen140
\captionwidth=\dimen141
\caption@tempdima=\dimen142
\caption@indent=\dimen143
\caption@parindent=\dimen144
\caption@hangindent=\dimen145
Package caption Info: Unknown document class (or package),
(caption)             standard defaults will be used.
)
\c@KVtest=\count113
\sf@farskip=\skip51
\sf@captopadj=\dimen146
\sf@capskip=\skip52
\sf@nearskip=\skip53
\c@subfigure=\count114
\c@subfigure@save=\count115
\c@lofdepth=\count116
\c@subtable=\count117
\c@subtable@save=\count118
\c@lotdepth=\count119
\sf@top=\skip54
\sf@bottom=\skip55
)
(/usr/local/texlive/2016/texmf-dist/tex/latex/url/url.sty
\Urlmuskip=\muskip11
Package: url 2013/09/16  ver 3.4  Verb mode for urls, etc.
)
(/usr/local/texlive/2016/texmf-dist/tex/latex/makecell/makecell.sty
Package: makecell 2009/08/03 V0.1e Managing of Tab Column Heads and Cells
\rotheadsize=\dimen147
\c@nlinenum=\count120
\TeXr@lab=\toks25
)
(./Trindade_IEEE_journal_r0.aux)
\openout1 = `Trindade_IEEE_journal_r0.aux'.

LaTeX Font Info:    Checking defaults for OML/cmm/m/it on input line 357.
LaTeX Font Info:    ... okay on input line 357.
LaTeX Font Info:    Checking defaults for T1/cmr/m/n on input line 357.
LaTeX Font Info:    ... okay on input line 357.
LaTeX Font Info:    Checking defaults for OT1/cmr/m/n on input line 357.
LaTeX Font Info:    ... okay on input line 357.
LaTeX Font Info:    Checking defaults for OMS/cmsy/m/n on input line 357.
LaTeX Font Info:    ... okay on input line 357.
LaTeX Font Info:    Checking defaults for OMX/cmex/m/n on input line 357.
LaTeX Font Info:    ... okay on input line 357.
LaTeX Font Info:    Checking defaults for U/cmr/m/n on input line 357.
LaTeX Font Info:    ... okay on input line 357.

-- Lines per column: 58 (exact).
(/usr/local/texlive/2016/texmf-dist/tex/context/base/mkii/supp-pdf.mkii
[Loading MPS to PDF converter (version 2006.09.02).]
\scratchcounter=\count121
\scratchdimen=\dimen148
\scratchbox=\box32
\nofMPsegments=\count122
\nofMParguments=\count123
\everyMPshowfont=\toks26
\MPscratchCnt=\count124
\MPscratchDim=\dimen149
\MPnumerator=\count125
\makeMPintoPDFobject=\count126
\everyMPtoPDFconversion=\toks27
) (/usr/local/texlive/2016/texmf-dist/tex/generic/oberdiek/pdftexcmds.sty
Package: pdftexcmds 2016/05/10 v0.21 Utility functions of pdfTeX for LuaTeX (HO
)

(/usr/local/texlive/2016/texmf-dist/tex/generic/oberdiek/ifluatex.sty
Package: ifluatex 2016/05/16 v1.4 Provides the ifluatex switch (HO)
Package ifluatex Info: LuaTeX not detected.
)
(/usr/local/texlive/2016/texmf-dist/tex/generic/oberdiek/ifpdf.sty
Package: ifpdf 2016/05/14 v3.1 Provides the ifpdf switch
)
Package pdftexcmds Info: LuaTeX not detected.
Package pdftexcmds Info: \pdf@primitive is available.
Package pdftexcmds Info: \pdf@ifprimitive is available.
Package pdftexcmds Info: \pdfdraftmode found.
)
(/usr/local/texlive/2016/texmf-dist/tex/latex/oberdiek/epstopdf-base.sty
Package: epstopdf-base 2016/05/15 v2.6 Base part for package epstopdf

(/usr/local/texlive/2016/texmf-dist/tex/latex/oberdiek/grfext.sty
Package: grfext 2016/05/16 v1.2 Manage graphics extensions (HO)

(/usr/local/texlive/2016/texmf-dist/tex/generic/oberdiek/kvdefinekeys.sty
Package: kvdefinekeys 2016/05/16 v1.4 Define keys (HO)
))
(/usr/local/texlive/2016/texmf-dist/tex/latex/oberdiek/kvoptions.sty
Package: kvoptions 2016/05/16 v3.12 Key value format for package options (HO)

(/usr/local/texlive/2016/texmf-dist/tex/generic/oberdiek/kvsetkeys.sty
Package: kvsetkeys 2016/05/16 v1.17 Key value parser (HO)

(/usr/local/texlive/2016/texmf-dist/tex/generic/oberdiek/etexcmds.sty
Package: etexcmds 2016/05/16 v1.6 Avoid name clashes with e-TeX commands (HO)
Package etexcmds Info: Could not find \expanded.
(etexcmds)             That can mean that you are not using pdfTeX 1.50 or
(etexcmds)             that some package has redefined \expanded.
(etexcmds)             In the latter case, load this package earlier.
)))
Package grfext Info: Graphics extension search list:
(grfext)             [.png,.pdf,.jpg,.mps,.jpeg,.jbig2,.jb2,.PNG,.PDF,.JPG,.JPE
G,.JBIG2,.JB2,.eps]
(grfext)             \AppendGraphicsExtensions on input line 456.

(/usr/local/texlive/2016/texmf-dist/tex/latex/latexconfig/epstopdf-sys.cfg
File: epstopdf-sys.cfg 2010/07/13 v1.3 Configuration of (r)epstopdf for TeX Liv
e
))
Package caption Info: Begin \AtBeginDocument code.
Package caption Info: subfig package v1.3 is loaded.
Package caption Info: End \AtBeginDocument code.

[1{/usr/local/texlive/2016/texmf-var/fonts/map/pdftex/updmap/pdftex.map}


]
<./images/flowchart_verification.png, id=9, 723.70375pt x 773.89125pt>
File: ./images/flowchart_verification.png Graphic file (type png)

<use ./images/flowchart_verification.png>
Package pdftex.def Info: ./images/flowchart_verification.png used on input line
 497.
(pdftex.def)             Requested size: 206.39685pt x 220.703pt.
 [2 <./images/flowchart_verification.png>] <./images/reg_unreg4.png, id=16, 129
6.845pt x 658.46pt>
File: ./images/reg_unreg4.png Graphic file (type png)

<use ./images/reg_unreg4.png>
Package pdftex.def Info: ./images/reg_unreg4.png used on input line 530.
(pdftex.def)             Requested size: 258.0pt x 130.9964pt.

Overfull \hbox (6.0pt too wide) in paragraph at lines 530--532
 [][] 
 []

[3 <./images/reg_unreg4.png>] [4]
<./images/blockdiagramPVS.png, id=25, 636.3775pt x 306.14375pt>
File: ./images/blockdiagramPVS.png Graphic file (type png)

<use ./images/blockdiagramPVS.png>
Package pdftex.def Info: ./images/blockdiagramPVS.png used on input line 627.
(pdftex.def)             Requested size: 206.39685pt x 99.29pt.


LaTeX Warning: `h' float specifier changed to `ht'.

<./images/celmodarray.png, id=26, 544.0325pt x 308.15125pt>
File: ./images/celmodarray.png Graphic file (type png)

<use ./images/celmodarray.png>
Package pdftex.def Info: ./images/celmodarray.png used on input line 643.
(pdftex.def)             Requested size: 206.39685pt x 116.9106pt.
 [5 <./images/blockdiagramPVS.png> <./images/celmodarray.png>] <./images/equivc
kt.png, id=35, 924.45375pt x 394.47375pt>
File: ./images/equivckt.png Graphic file (type png)

<use ./images/equivckt.png>
Package pdftex.def Info: ./images/equivckt.png used on input line 658.
(pdftex.def)             Requested size: 247.6778pt x 105.68471pt.

Underfull \hbox (badness 4291) in paragraph at lines 687--688
[]$\OML/cmm/m/it/10 q$ \OT1/ptm/m/n/10 is ab-so-lute value of the elec-tron's c
harge
 []

[6 <./images/equivckt.png>]
<./images/ivcurve.png, id=43, 584.1825pt x 464.73625pt>
File: ./images/ivcurve.png Graphic file (type png)

<use ./images/ivcurve.png>
Package pdftex.def Info: ./images/ivcurve.png used on input line 740.
(pdftex.def)             Requested size: 206.39685pt x 164.19183pt.
 [7 <./images/ivcurve.png>]
Underfull \hbox (badness 10000) in paragraph at lines 876--877
[]\OT1/ptm/m/n/10 The to-tal min-i-mum num-ber of so-lar pan-els
 []


Underfull \hbox (badness 3635) in paragraph at lines 876--877
\OT1/ptm/m/n/10 necessary($\OML/cmm/m/it/10 N[]$\OT1/ptm/m/n/10 ) is cal-cu-lat
ed by Equa-tion 22[], and
 []

[8] <./images/batteryckt.png, id=55, 525.965pt x 259.97125pt>
File: ./images/batteryckt.png Graphic file (type png)

<use ./images/batteryckt.png>
Package pdftex.def Info: ./images/batteryckt.png used on input line 929.
(pdftex.def)             Requested size: 206.39685pt x 102.01514pt.

Overfull \hbox (0.55624pt too wide) detected at line 980
 []$[][] [] \OT1/cmr/m/n/10 (1 \OMS/cmsy/m/n/10 ^^@ \OT1/cmr/m/n/10 0\OML/cmm/m
/it/10 :\OT1/cmr/m/n/10 025^^A\OML/cmm/m/it/10 T\OT1/cmr/m/n/10 )$ []  
 []

[9 <./images/batteryckt.png>]
Underfull \hbox (badness 1708) in paragraph at lines 1032--1033
\OT1/cmr/m/n/10 56\OML/cmm/m/it/10 :\OT1/cmr/m/n/10 3\OML/cmm/m/it/10 kWh$\OT1/
ptm/m/n/10 . Since the se-lected DC bus volt-age is $\OT1/cmr/m/n/10 48\OML/cmm
/m/it/10 V$\OT1/ptm/m/n/10 ,
 []

[10]

LaTeX Warning: Command \textunderscore invalid in math mode on input line 1079.



LaTeX Warning: Command \textunderscore invalid in math mode on input line 1079.


<./images/controllerover.png, id=63, 646.415pt x 311.1625pt>
File: ./images/controllerover.png Graphic file (type png)

<use ./images/controllerover.png>
Package pdftex.def Info: ./images/controllerover.png used on input line 1082.
(pdftex.def)             Requested size: 206.39685pt x 99.35088pt.

<./images/controllerdisc.png, id=64, 599.23875pt x 333.245pt>
File: ./images/controllerdisc.png Graphic file (type png)

<use ./images/controllerdisc.png>
Package pdftex.def Info: ./images/controllerdisc.png used on input line 1091.
(pdftex.def)             Requested size: 206.39685pt x 114.77641pt.


LaTeX Warning: Command \textunderscore invalid in math mode on input line 1117.



LaTeX Warning: Command \textunderscore invalid in math mode on input line 1119.



LaTeX Warning: Command \textunderscore invalid in math mode on input line 1121.



LaTeX Warning: Command \textunderscore invalid in math mode on input line 1123.


[11 <./images/controllerover.png> <./images/controllerdisc.png>]
Underfull \hbox (badness 4391) in paragraph at lines 1215--1216
[]\OT1/ptm/m/n/10 Battery charg-ing tech-nol-ogy re-lies on smart micro-
 []

[12] <./images/modelcheckstruc.png, id=74, 631.35875pt x 221.82875pt>
File: ./images/modelcheckstruc.png Graphic file (type png)

<use ./images/modelcheckstruc.png>
Package pdftex.def Info: ./images/modelcheckstruc.png used on input line 1302.
(pdftex.def)             Requested size: 206.39685pt x 72.51659pt.

<./images/systemverif.png, id=75, 754.82pt x 507.8975pt>
File: ./images/systemverif.png Graphic file (type png)

<use ./images/systemverif.png>
Package pdftex.def Info: ./images/systemverif.png used on input line 1313.
(pdftex.def)             Requested size: 206.39685pt x 138.87788pt.


LaTeX Warning: `h' float specifier changed to `ht'.

[13 <./images/modelcheckstruc.png>]
<./images/ESBMCarch2.png, id=81, 770.88pt x 308.15125pt>
File: ./images/ESBMCarch2.png Graphic file (type png)

<use ./images/ESBMCarch2.png>
Package pdftex.def Info: ./images/ESBMCarch2.png used on input line 1332.
(pdftex.def)             Requested size: 258.0pt x 103.12903pt.

Overfull \hbox (6.0pt too wide) in paragraph at lines 1332--1334
 [][] 
 []

[14 <./images/systemverif.png> <./images/ESBMCarch2.png>]
<./images/statetransition.png, id=87, 985.6825pt x 542.025pt>
File: ./images/statetransition.png Graphic file (type png)

<use ./images/statetransition.png>
Package pdftex.def Info: ./images/statetransition.png used on input line 1366.
(pdftex.def)             Requested size: 258.0pt x 141.87428pt.

Overfull \hbox (6.0pt too wide) in paragraph at lines 1366--1368
 [][] 
 []

[15 <./images/statetransition.png>]
LaTeX Font Info:    Try loading font information for OMS+ptm on input line 1409
.

(/usr/local/texlive/2016/texmf-dist/tex/latex/psnfss/omsptm.fd
File: omsptm.fd 
)
LaTeX Font Info:    Font shape `OMS/ptm/m/n' in size <10> not available
(Font)              Font shape `OMS/cmsy/m/n' tried instead on input line 1409.



LaTeX Warning: Command \textunderscore invalid in math mode on input line 1415.



LaTeX Warning: Command \textunderscore invalid in math mode on input line 1416.



LaTeX Warning: Command \textunderscore invalid in math mode on input line 1472.



LaTeX Warning: Command \textunderscore invalid in math mode on input line 1473.


[16] [17] (./Trindade_IEEE_journal_r0.bbl
Missing character: There is no â in font ptmr7t!
Missing character: There is no € in font ptmr7t!
Missing character: There is no “ in font ptmr7t!
 [18]
Underfull \hbox (badness 10000) in paragraph at lines 134--136
[]\OT1/ptm/m/n/8 HOMER, ``The homer mi-cro-grid soft-ware,''
 []


Underfull \hbox (badness 10000) in paragraph at lines 155--158
[]\OT1/ptm/m/n/8 U. of Mas-sachusetts Amherst UMASS, ``Hy-brid2,''
 []


Overfull \hbox (4.4054pt too wide) in paragraph at lines 155--158
\OT1/ptm/m/n/8 http://www.umass.edu/windenergy/research/topics/tools/software/h
ybrid2,
 []


LaTeX Warning: Command \o invalid in math mode on input line 160.

Missing character: There is no Ã in font ptmr7t!
Missing character: There is no ¡ in font ptmr7t!

Underfull \hbox (badness 10000) in paragraph at lines 169--172
[]\OT1/ptm/m/n/8 SamlexSolar.com, ``So-lar (pv) cell, mod-ule, ar-ray,''
 []


Underfull \hbox (badness 10000) in paragraph at lines 169--172
\OT1/ptm/m/n/8 http://www.samlexsolar.com/learning-center/solar-cell-module-
 []

Missing character: There is no â in font ptmr7t!
Missing character: There is no € in font ptmr7t!
Missing character: There is no “ in font ptmr7t!
Missing character: There is no â in font ptmr7t!
Missing character: There is no € in font ptmr7t!
Missing character: There is no “ in font ptmr7t!

LaTeX Warning: Command \o invalid in math mode on input line 336.


Underfull \hbox (badness 1394) in paragraph at lines 355--357
[]\OT1/ptm/m/n/8 UC, ``Cyber-physical sys-tems,'' http://cyberphysicalsystems.o
rg/, ac-
 []

Missing character: There is no Ã in font ptmr7t!
Missing character: There is no ¼ in font ptmr7t!
[19]
Missing character: There is no Ã in font ptmr7t!
Missing character: There is no ¤ in font ptmr7t!
) [20

] (./Trindade_IEEE_journal_r0.aux) ) 
Here is how much of TeX's memory you used:
 4532 strings out of 493014
 70169 string characters out of 6133351
 156156 words of memory out of 5000000
 7994 multiletter control sequences out of 15000+600000
 44031 words of font info for 81 fonts, out of 8000000 for 9000
 1144 hyphenation exceptions out of 8191
 38i,17n,38p,1560b,475s stack positions out of 5000i,500n,10000p,200000b,80000s
{/usr/local/texlive/2016/texmf-dist/fonts/e
nc/dvips/base/8r.enc}</usr/local/texlive/2016/texmf-dist/fonts/type1/public/ams
fonts/cm/cmex10.pfb></usr/local/texlive/2016/texmf-dist/fonts/type1/public/amsf
onts/cm/cmmi10.pfb></usr/local/texlive/2016/texmf-dist/fonts/type1/public/amsfo
nts/cm/cmmi5.pfb></usr/local/texlive/2016/texmf-dist/fonts/type1/public/amsfont
s/cm/cmmi6.pfb></usr/local/texlive/2016/texmf-dist/fonts/type1/public/amsfonts/
cm/cmmi7.pfb></usr/local/texlive/2016/texmf-dist/fonts/type1/public/amsfonts/cm
/cmmi8.pfb></usr/local/texlive/2016/texmf-dist/fonts/type1/public/amsfonts/cm/c
mr10.pfb></usr/local/texlive/2016/texmf-dist/fonts/type1/public/amsfonts/cm/cmr
7.pfb></usr/local/texlive/2016/texmf-dist/fonts/type1/public/amsfonts/cm/cmr8.p
fb></usr/local/texlive/2016/texmf-dist/fonts/type1/public/amsfonts/cm/cmsy10.pf
b></usr/local/texlive/2016/texmf-dist/fonts/type1/public/amsfonts/cm/cmsy7.pfb>
</usr/local/texlive/2016/texmf-dist/fonts/type1/public/amsfonts/cm/cmsy8.pfb></
usr/local/texlive/2016/texmf-dist/fonts/type1/urw/times/utmb8a.pfb></usr/local/
texlive/2016/texmf-dist/fonts/type1/urw/times/utmbi8a.pfb></usr/local/texlive/2
016/texmf-dist/fonts/type1/urw/times/utmr8a.pfb></usr/local/texlive/2016/texmf-
dist/fonts/type1/urw/times/utmri8a.pfb>
Output written on Trindade_IEEE_journal_r0.pdf (20 pages, 666983 bytes).
PDF statistics:
 161 PDF objects out of 1000 (max. 8388607)
 96 compressed objects within 1 object stream
 0 named destinations out of 1000 (max. 500000)
 66 words of extra memory for PDF output out of 10000 (max. 10000000)

