\BOOKMARK [0][-]{chapter.1}{Introduction}{}% 1
\BOOKMARK [1][-]{subsection.1.0.1}{Problem's Definition}{chapter.1}% 2
\BOOKMARK [2][-]{subsection.1.0.2}{Objectives}{subsection.1.0.1}% 3
\BOOKMARK [2][-]{subsection.1.0.3}{Contributions}{subsection.1.0.1}% 4
\BOOKMARK [2][-]{subsection.1.0.4}{Related Work}{subsection.1.0.1}% 5
\BOOKMARK [2][-]{subsection.1.0.5}{Thesis Organization}{subsection.1.0.1}% 6
\BOOKMARK [0][-]{chapter.2}{Background}{}% 7
\BOOKMARK [1][-]{subsection.2.0.1}{Solar Photovoltaic System }{chapter.2}% 8
\BOOKMARK [2][-]{subsection.2.0.2}{Design and Validation of a Solar photovoltaic system}{subsection.2.0.1}% 9
\BOOKMARK [2][-]{subsection.2.0.3}{Component models for stand-alone PV system }{subsection.2.0.1}% 10
\BOOKMARK [2][-]{subsection.2.0.4}{Automated Verification }{subsection.2.0.1}% 11
\BOOKMARK [2][-]{subsection.2.0.5}{Sizing and Simulation of Stand-alone Solar PV systems}{subsection.2.0.1}% 12
\BOOKMARK [2][-]{subsection.2.0.6}{Component models for a stand-alone PV system }{subsection.2.0.1}% 13
\BOOKMARK [2][-]{subsection.2.0.7}{PV System Model}{subsection.2.0.1}% 14
\BOOKMARK [2][-]{subsection.2.0.8}{Availability of Stand-alone PV Systems}{subsection.2.0.1}% 15
\BOOKMARK [1][-]{section.2.1}{Automated Verification Using Model Checking}{chapter.2}% 16
\BOOKMARK [2][-]{subsection.2.1.1}{CBMC}{section.2.1}% 17
\BOOKMARK [2][-]{subsection.2.1.2}{ESBMC}{section.2.1}% 18
\BOOKMARK [2][-]{subsection.2.1.3}{CPAchecker}{section.2.1}% 19
\BOOKMARK [2][-]{subsection.2.1.4}{Automated Verification Using Model Checking}{section.2.1}% 20
\BOOKMARK [2][-]{subsection.2.1.5}{Program Synthesis}{section.2.1}% 21
\BOOKMARK [2][-]{subsection.2.1.6}{Sizing Stand-alone Solar PV Systems}{section.2.1}% 22
\BOOKMARK [2][-]{subsection.2.1.7}{PV systems Optimization Criteria}{section.2.1}% 23
\BOOKMARK [2][-]{subsection.2.1.8}{Stand-alone PV System Optimization Technique}{section.2.1}% 24
\BOOKMARK [0][-]{chapter.3}{Methodology}{}% 25
\BOOKMARK [0][-]{chapter.4}{Experimental Evaluation}{}% 26
\BOOKMARK [0][-]{chapter.5}{Conclusion and Future Work}{}% 27
\BOOKMARK [0][-]{appendix.A}{Appendix Title}{}% 28
