\BOOKMARK [1][-]{section.1}{Introduction}{}% 1
\BOOKMARK [2][-]{subsection.1.1}{Problem's Definition}{section.1}% 2
\BOOKMARK [2][-]{subsection.1.2}{Objectives}{section.1}% 3
\BOOKMARK [2][-]{subsection.1.3}{Contributions}{section.1}% 4
\BOOKMARK [2][-]{subsection.1.4}{Related Work}{section.1}% 5
\BOOKMARK [2][-]{subsection.1.5}{Thesis Organization}{section.1}% 6
\BOOKMARK [1][-]{section.2}{Background}{}% 7
\BOOKMARK [2][-]{subsection.2.1}{Solar Photovoltaic System }{section.2}% 8
\BOOKMARK [3][-]{subsubsection.2.1.1}{Unregulated standalone PV system with DC load }{subsection.2.1}% 9
\BOOKMARK [3][-]{subsubsection.2.1.2}{Regulated standalone PV system with DC load}{subsection.2.1}% 10
\BOOKMARK [3][-]{subsubsection.2.1.3}{Regulated standalone system with battery and DC load}{subsection.2.1}% 11
\BOOKMARK [3][-]{subsubsection.2.1.4}{Regulated standalone system with battery, AC load}{subsection.2.1}% 12
\BOOKMARK [2][-]{subsection.2.2}{Design and Validation of a Solar photovoltaic system}{section.2}% 13
\BOOKMARK [3][-]{subsubsection.2.2.1}{PVWatts Calculator}{subsection.2.2}% 14
\BOOKMARK [3][-]{subsubsection.2.2.2}{SAM}{subsection.2.2}% 15
\BOOKMARK [3][-]{subsubsection.2.2.3}{HOMER}{subsection.2.2}% 16
\BOOKMARK [3][-]{subsubsection.2.2.4}{RETScreen}{subsection.2.2}% 17
\BOOKMARK [3][-]{subsubsection.2.2.5}{Hybrid2}{subsection.2.2}% 18
\BOOKMARK [3][-]{subsubsection.2.2.6}{Paper Proposal x Reference Tools}{subsection.2.2}% 19
\BOOKMARK [2][-]{subsection.2.3}{Component models for stand-alone PV system }{section.2}% 20
\BOOKMARK [3][-]{subsubsection.2.3.1}{PV generator \(cell, module, array\) }{subsection.2.3}% 21
\BOOKMARK [3][-]{subsubsection.2.3.2}{Proposed PV Panel Model}{subsection.2.3}% 22
\BOOKMARK [3][-]{subsubsection.2.3.3}{The Battery Storage Model }{subsection.2.3}% 23
\BOOKMARK [3][-]{subsubsection.2.3.4}{Controller Model}{subsection.2.3}% 24
\BOOKMARK [3][-]{subsubsection.2.3.5}{The inverter model}{subsection.2.3}% 25
\BOOKMARK [2][-]{subsection.2.4}{Automated Verification }{section.2}% 26
\BOOKMARK [3][-]{subsubsection.2.4.1}{ESBMC }{subsection.2.4}% 27
\BOOKMARK [3][-]{subsubsection.2.4.2}{Cyber-physical systems x Energy x ESBMC}{subsection.2.4}% 28
\BOOKMARK [1][-]{section.3}{Methodology }{}% 29
\BOOKMARK [1][-]{section.4}{Results}{}% 30
\BOOKMARK [1][-]{section.5}{Conclusions and Future Work}{}% 31
